#
# A fatal error has been detected by the Java Runtime Environment:
#
#  SIGSEGV (0xb) at pc=0x0000000105876109, pid=28093, tid=0x0000000000003603
#
# JRE version: Java(TM) SE Runtime Environment (8.0_111-b14) (build 1.8.0_111-b14)
# Java VM: Java HotSpot(TM) 64-Bit Server VM (25.111-b14 mixed mode bsd-amd64 compressed oops)
# Problematic frame:
# V  [libjvm.dylib+0x276109]
#
# Failed to write core dump. Core dumps have been disabled. To enable core dumping, try "ulimit -c unlimited" before starting Java again
#
# If you would like to submit a bug report, please visit:
#   http://bugreport.java.com/bugreport/crash.jsp
#

---------------  T H R E A D  ---------------

Current thread (0x00007fb5a0007000):  VMThread [stack: 0x00007000038b3000,0x00007000039b3000] [id=13827]

siginfo: si_signo: 11 (SIGSEGV), si_code: 1 (SEGV_MAPERR), si_addr: 0x0000000000000000

Registers:
RAX=0x0000000000000000, RBX=0x0000000000000000, RCX=0x00008ee644cbe22f, RDX=0x00007000039b2948
RSP=0x00007000039b25c0, RBP=0x00007000039b25c0, RSI=0x00007000039b2948, RDI=0x0000000105ef0190
R8 =0x000000000000001f, R9 =0x00000000022a0000, R10=0x0000000000002000, R11=0x0000000000000246
R12=0x00000000000001e6, R13=0x0000000000000001, R14=0x0000000105f05aa8, R15=0x00007fb59d409be0
RIP=0x0000000105876109, EFLAGS=0x0000000000010206, ERR=0x0000000000000006
  TRAPNO=0x000000000000000e

Top of Stack: (sp=0x00007000039b25c0)
0x00007000039b25c0:   00007000039b2a50 0000000105ac7b30
0x00007000039b25d0:   00007000039b2a90 00007000039b25e8
0x00007000039b25e0:   0000000000000000 0000000105c27b07
0x00007000039b25f0:   0000000000000018 0000000105c27cfc
0x00007000039b2600:   000000000000001c 5800000123fdf9e0
0x00007000039b2610:   00007000039b2650 000000010588469d
0x00007000039b2620:   0000000047000000 00007fb59d4165f0
0x00007000039b2630:   00007000039b2688 00007fb5a0007000
0x00007000039b2640:   00007000039b2758 00000000000000cf
0x00007000039b2650:   00007000039b2670 0000000000000000
0x00007000039b2660:   00007fb59d4165c8 58007000039b2758
0x00007000039b2670:   00007000039b00f0 0000000105887c34
0x00007000039b2680:   0000003000000010 00007000039b2c30
0x00007000039b2690:   00007000039b2b50 00007fb5a0007000
0x00007000039b26a0:   000000cf000000cc 000000b6000000cf
0x00007000039b26b0:   0000003000000010 0000000000000000
0x00007000039b26c0:   00007000039b2b40 0000000123fdf9e0
0x00007000039b26d0:   00007000039b0058 0000000123fdf9e0
0x00007000039b26e0:   0000003000000010 00007000039b2c50
0x00007000039b26f0:   00007000039b2b70 0000000105a80ba3
0x00007000039b2700:   00007fb59f803ed0 00007fb59d4164d0
0x00007000039b2710:   e10c13fbe7600096 e10c13fbe7600096
0x00007000039b2720:   00007fffd03c36b8 0000000105c14ed0
0x00007000039b2730:   ffffffffffffffff 00007000039b2848
0x00007000039b2740:   00007000039b2830 00007fffc763d423
0x00007000039b2750:   0000000105eeff60 00007000039b2b48
0x00007000039b2760:   0000000123fdf9e0 00007fb5a0007000
0x00007000039b2770:   0000000000000000 000000050000000b
0x00007000039b2780:   0000000100000000 00007fffc771b900
0x00007000039b2790:   0000000000000000 0000001000010000
0x00007000039b27a0:   00007fb59d416620 00007fb59d416660
0x00007000039b27b0:   0000000000000000 00007fb59d4165a0 

Instructions: (pc=0x0000000105876109)
0x00000001058760e9:   28 5d e9 90 ff ff ff 55 48 89 e5 48 83 c7 28 5d
0x00000001058760f9:   e9 82 ff ff ff 55 48 89 e5 48 89 f2 48 8b 47 28
0x0000000105876109:   c7 00 00 00 00 00 c7 47 44 00 00 00 00 48 c7 47
0x0000000105876119:   48 00 00 00 00 48 c7 47 50 00 00 00 00 48 c7 47 

Register to memory mapping:

RAX=0x0000000000000000 is an unknown value
RBX=0x0000000000000000 is an unknown value
RCX=0x00008ee644cbe22f is an unknown value
RDX=0x00007000039b2948 is an unknown value
RSP=0x00007000039b25c0 is an unknown value
RBP=0x00007000039b25c0 is an unknown value
RSI=0x00007000039b2948 is an unknown value
RDI=0x0000000105ef0190: _ZN10PSScavenge9_gc_timerE+0 in /Library/Java/JavaVirtualMachines/jdk1.8.0_111.jdk/Contents/Home/jre/lib/server/libjvm.dylib at 0x0000000105600000
R8 =0x000000000000001f is an unknown value
R9 =0x00000000022a0000 is an unknown value
R10=0x0000000000002000 is an unknown value
R11=0x0000000000000246 is an unknown value
R12=0x00000000000001e6 is an unknown value
R13=0x0000000000000001 is an unknown value
R14=0x0000000105f05aa8: _ZN8Universe14_collectedHeapE+0 in /Library/Java/JavaVirtualMachines/jdk1.8.0_111.jdk/Contents/Home/jre/lib/server/libjvm.dylib at 0x0000000105600000
R15=0x00007fb59d409be0 is an unknown value


Stack: [0x00007000038b3000,0x00007000039b3000],  sp=0x00007000039b25c0,  free space=1021k
Native frames: (J=compiled Java code, j=interpreted, Vv=VM code, C=native code)
V  [libjvm.dylib+0x276109]
V  [libjvm.dylib+0x4c7b30]
V  [libjvm.dylib+0x4c4e55]
V  [libjvm.dylib+0x19dde2]
V  [libjvm.dylib+0x5b08fc]
V  [libjvm.dylib+0x5b7771]
V  [libjvm.dylib+0x5b5ddd]
V  [libjvm.dylib+0x5b622a]
V  [libjvm.dylib+0x5b5b49]
V  [libjvm.dylib+0x489b0a]
C  [libsystem_pthread.dylib+0x3aab]  _pthread_body+0xb4
C  [libsystem_pthread.dylib+0x39f7]  _pthread_body+0x0
C  [libsystem_pthread.dylib+0x31fd]  thread_start+0xd

VM_Operation (0x0000700003fc26c8): CollectForMetadataAllocation, mode: safepoint, requested by thread 0x00007fb59eb82000


---------------  P R O C E S S  ---------------

Java Threads: ( => current thread )
  0x00007fb59eb82000 JavaThread "RMI TCP Connection(1)-127.0.0.1" daemon [_thread_blocked, id=20743, stack(0x0000700003ec5000,0x0000700003fc5000)]
  0x00007fb59eec6800 JavaThread "OkHttp ConnectionPool" daemon [_thread_blocked, id=26631, stack(0x0000700004cef000,0x0000700004def000)]
  0x00007fb5a129a800 JavaThread "AWT-AppKit" daemon [_thread_in_native, id=775, stack(0x00007fff5af1c000,0x00007fff5b71c000)]
  0x00007fb59dce9000 JavaThread "OkHttp ConnectionPool" daemon [_thread_blocked, id=26119, stack(0x0000700004bec000,0x0000700004cec000)]
  0x00007fb59ec97000 JavaThread "OkHttp ConnectionPool" daemon [_thread_blocked, id=25607, stack(0x0000700004ae9000,0x0000700004be9000)]
  0x00007fb5a1241000 JavaThread "Okio Watchdog" daemon [_thread_blocked, id=4359, stack(0x00007000049e6000,0x0000700004ae6000)]
  0x00007fb5a1242000 JavaThread "OkHttp ConnectionPool" daemon [_thread_blocked, id=5383, stack(0x00007000048e3000,0x00007000049e3000)]
  0x00007fb59e8e6000 JavaThread "RMI TCP Accept-0" daemon [_thread_in_native, id=24579, stack(0x00007000046dd000,0x00007000047dd000)]
  0x00007fb59f0fa000 JavaThread "RMI TCP Accept-64028" daemon [_thread_in_native, id=24067, stack(0x00007000045da000,0x00007000046da000)]
  0x00007fb59d94a000 JavaThread "RMI TCP Accept-0" daemon [_thread_in_native, id=23555, stack(0x00007000044d7000,0x00007000045d7000)]
  0x00007fb59e83c800 JavaThread "Service Thread" daemon [_thread_blocked, id=23043, stack(0x00007000043d4000,0x00007000044d4000)]
  0x00007fb59f02d800 JavaThread "C1 CompilerThread3" daemon [_thread_blocked, id=22531, stack(0x00007000042d1000,0x00007000043d1000)]
  0x00007fb5a1018000 JavaThread "C2 CompilerThread2" daemon [_thread_blocked, id=22019, stack(0x00007000041ce000,0x00007000042ce000)]
  0x00007fb59f017000 JavaThread "C2 CompilerThread1" daemon [_thread_blocked, id=21507, stack(0x00007000040cb000,0x00007000041cb000)]
  0x00007fb59d82e000 JavaThread "C2 CompilerThread0" daemon [_thread_blocked, id=20995, stack(0x0000700003fc8000,0x00007000040c8000)]
  0x00007fb59e028800 JavaThread "JDWP Event Helper Thread" daemon [_thread_blocked, id=19971, stack(0x0000700003dc2000,0x0000700003ec2000)]
  0x00007fb59e027800 JavaThread "JDWP Transport Listener: dt_socket" daemon [_thread_in_native, id=19459, stack(0x0000700003cbf000,0x0000700003dbf000)]
  0x00007fb59d800800 JavaThread "Signal Dispatcher" daemon [_thread_blocked, id=18947, stack(0x0000700003bbc000,0x0000700003cbc000)]
  0x00007fb59e816000 JavaThread "Finalizer" daemon [_thread_blocked, id=14851, stack(0x0000700003ab9000,0x0000700003bb9000)]
  0x00007fb59f009800 JavaThread "Reference Handler" daemon [_thread_blocked, id=14339, stack(0x00007000039b6000,0x0000700003ab6000)]
  0x00007fb5a1001000 JavaThread "main" [_thread_blocked, id=7427, stack(0x0000700002f98000,0x0000700003098000)]

Other Threads:
=>0x00007fb5a0007000 VMThread [stack: 0x00007000038b3000,0x00007000039b3000] [id=13827]
  0x00007fb59f01f000 WatcherThread [stack: 0x00007000047e0000,0x00007000048e0000] [id=25091]

VM state:at safepoint (normal execution)

VM Mutex/Monitor currently owned by a thread:  ([mutex/lock_event])
[0x00007fb59f801f20] Threads_lock - owner thread: 0x00007fb5a0007000
[0x00007fb59f802420] Heap_lock - owner thread: 0x00007fb59eb82000

Heap:
 PSYoungGen      total 195072K, used 81875K [0x000000076ab00000, 0x0000000777600000, 0x00000007c0000000)
  eden space 184320K, 38% used [0x000000076ab00000,0x000000076f076568,0x0000000775f00000)
  from space 10752K, 99% used [0x0000000776980000,0x00000007773fe8f0,0x0000000777400000)
  to   space 10752K, 0% used [0x0000000775f00000,0x0000000775f00000,0x0000000776980000)
 ParOldGen       total 113152K, used 15698K [0x00000006c0000000, 0x00000006c6e80000, 0x000000076ab00000)
  object space 113152K, 13% used [0x00000006c0000000,0x00000006c0f548f0,0x00000006c6e80000)
 Metaspace       used 34859K, capacity 35184K, committed 35456K, reserved 1081344K
  class space    used 4037K, capacity 4158K, committed 4224K, reserved 1048576K

Card table byte_map: [0x00000001069ac000,0x00000001071ad000] byte_map_base: 0x00000001033ac000

Marking Bits: (ParMarkBitMap*) 0x0000000105eefd20
 Begin Bits: [0x0000000107703000, 0x000000010b703000)
 End Bits:   [0x000000010b703000, 0x000000010f703000)

Polling page: 0x00000001045e4000

CodeCache: size=245760Kb used=18132Kb max_used=18140Kb free=227627Kb
 bounds [0x000000011206d000, 0x000000011323d000, 0x000000012106d000]
 total_blobs=5292 nmethods=4758 adapters=454
 compilation: enabled

Compilation events (10 events):
Event: 17.328 Thread 0x00007fb59d82e000 4783       4       java.math.MutableBigInteger::mulsub (110 bytes)
Event: 17.328 Thread 0x00007fb59f02d800 nmethod 4780 0x00000001131f3750 code [0x00000001131f3920, 0x00000001131f3f48]
Event: 17.332 Thread 0x00007fb59d82e000 nmethod 4783 0x00000001131f2f90 code [0x00000001131f30e0, 0x00000001131f3558]
Event: 17.334 Thread 0x00007fb59f017000 nmethod 4782% 0x0000000113218850 code [0x00000001132189e0, 0x0000000113219178]
Event: 17.498 Thread 0x00007fb59f02d800 4784       3       okio.Buffer::writeUtf8 (543 bytes)
Event: 17.500 Thread 0x00007fb59f02d800 nmethod 4784 0x0000000113214250 code [0x0000000113214700, 0x0000000113217018]
Event: 17.703 Thread 0x00007fb59f02d800 4785       3       okio.Buffer::indexOf (229 bytes)
Event: 17.703 Thread 0x00007fb59f02d800 nmethod 4785 0x0000000113213550 code [0x0000000113213720, 0x0000000113213de8]
Event: 17.703 Thread 0x00007fb59f02d800 4786       3       java.nio.charset.CoderResult::isUnderflow (13 bytes)
Event: 17.703 Thread 0x00007fb59f02d800 nmethod 4786 0x00000001131f0610 code [0x00000001131f0780, 0x00000001131f0930]

GC Heap History (10 events):
Event: 1.041 GC heap before
{Heap before GC invocations=1 (full 0):
 PSYoungGen      total 76288K, used 65536K [0x000000076ab00000, 0x0000000770000000, 0x00000007c0000000)
  eden space 65536K, 100% used [0x000000076ab00000,0x000000076eb00000,0x000000076eb00000)
  from space 10752K, 0% used [0x000000076f580000,0x000000076f580000,0x0000000770000000)
  to   space 10752K, 0% used [0x000000076eb00000,0x000000076eb00000,0x000000076f580000)
 ParOldGen       total 175104K, used 0K [0x00000006c0000000, 0x00000006cab00000, 0x000000076ab00000)
  object space 175104K, 0% used [0x00000006c0000000,0x00000006c0000000,0x00000006cab00000)
 Metaspace       used 16237K, capacity 16396K, committed 16640K, reserved 1064960K
  class space    used 1996K, capacity 2044K, committed 2048K, reserved 1048576K
Event: 1.053 GC heap after
Heap after GC invocations=1 (full 0):
 PSYoungGen      total 76288K, used 10737K [0x000000076ab00000, 0x0000000774000000, 0x00000007c0000000)
  eden space 65536K, 0% used [0x000000076ab00000,0x000000076ab00000,0x000000076eb00000)
  from space 10752K, 99% used [0x000000076eb00000,0x000000076f57c6a0,0x000000076f580000)
  to   space 10752K, 0% used [0x0000000773580000,0x0000000773580000,0x0000000774000000)
 ParOldGen       total 175104K, used 2658K [0x00000006c0000000, 0x00000006cab00000, 0x000000076ab00000)
  object space 175104K, 1% used [0x00000006c0000000,0x00000006c0298868,0x00000006cab00000)
 Metaspace       used 16237K, capacity 16396K, committed 16640K, reserved 1064960K
  class space    used 1996K, capacity 2044K, committed 2048K, reserved 1048576K
}
Event: 1.363 GC heap before
{Heap before GC invocations=2 (full 0):
 PSYoungGen      total 76288K, used 56487K [0x000000076ab00000, 0x0000000774000000, 0x00000007c0000000)
  eden space 65536K, 69% used [0x000000076ab00000,0x000000076d7ad650,0x000000076eb00000)
  from space 10752K, 99% used [0x000000076eb00000,0x000000076f57c6a0,0x000000076f580000)
  to   space 10752K, 0% used [0x0000000773580000,0x0000000773580000,0x0000000774000000)
 ParOldGen       total 175104K, used 2658K [0x00000006c0000000, 0x00000006cab00000, 0x000000076ab00000)
  object space 175104K, 1% used [0x00000006c0000000,0x00000006c0298868,0x00000006cab00000)
 Metaspace       used 20921K, capacity 21094K, committed 21296K, reserved 1069056K
  class space    used 2572K, capacity 2645K, committed 2688K, reserved 1048576K
Event: 1.372 GC heap after
Heap after GC invocations=2 (full 0):
 PSYoungGen      total 141824K, used 10748K [0x000000076ab00000, 0x0000000774000000, 0x00000007c0000000)
  eden space 131072K, 0% used [0x000000076ab00000,0x000000076ab00000,0x0000000772b00000)
  from space 10752K, 99% used [0x0000000773580000,0x0000000773fff118,0x0000000774000000)
  to   space 10752K, 0% used [0x0000000772b00000,0x0000000772b00000,0x0000000773580000)
 ParOldGen       total 175104K, used 3323K [0x00000006c0000000, 0x00000006cab00000, 0x000000076ab00000)
  object space 175104K, 1% used [0x00000006c0000000,0x00000006c033ee90,0x00000006cab00000)
 Metaspace       used 20921K, capacity 21094K, committed 21296K, reserved 1069056K
  class space    used 2572K, capacity 2645K, committed 2688K, reserved 1048576K
}
Event: 1.372 GC heap before
{Heap before GC invocations=3 (full 1):
 PSYoungGen      total 141824K, used 10748K [0x000000076ab00000, 0x0000000774000000, 0x00000007c0000000)
  eden space 131072K, 0% used [0x000000076ab00000,0x000000076ab00000,0x0000000772b00000)
  from space 10752K, 99% used [0x0000000773580000,0x0000000773fff118,0x0000000774000000)
  to   space 10752K, 0% used [0x0000000772b00000,0x0000000772b00000,0x0000000773580000)
 ParOldGen       total 175104K, used 3323K [0x00000006c0000000, 0x00000006cab00000, 0x000000076ab00000)
  object space 175104K, 1% used [0x00000006c0000000,0x00000006c033ee90,0x00000006cab00000)
 Metaspace       used 20921K, capacity 21094K, committed 21296K, reserved 1069056K
  class space    used 2572K, capacity 2645K, committed 2688K, reserved 1048576K
Event: 1.398 GC heap after
Heap after GC invocations=3 (full 1):
 PSYoungGen      total 141824K, used 0K [0x000000076ab00000, 0x0000000774000000, 0x00000007c0000000)
  eden space 131072K, 0% used [0x000000076ab00000,0x000000076ab00000,0x0000000772b00000)
  from space 10752K, 0% used [0x0000000773580000,0x0000000773580000,0x0000000774000000)
  to   space 10752K, 0% used [0x0000000772b00000,0x0000000772b00000,0x0000000773580000)
 ParOldGen       total 113152K, used 10954K [0x00000006c0000000, 0x00000006c6e80000, 0x000000076ab00000)
  object space 113152K, 9% used [0x00000006c0000000,0x00000006c0ab2938,0x00000006c6e80000)
 Metaspace       used 20921K, capacity 21094K, committed 21296K, reserved 1069056K
  class space    used 2572K, capacity 2645K, committed 2688K, reserved 1048576K
}
Event: 16.058 GC heap before
{Heap before GC invocations=4 (full 1):
 PSYoungGen      total 141824K, used 131072K [0x000000076ab00000, 0x0000000774000000, 0x00000007c0000000)
  eden space 131072K, 100% used [0x000000076ab00000,0x0000000772b00000,0x0000000772b00000)
  from space 10752K, 0% used [0x0000000773580000,0x0000000773580000,0x0000000774000000)
  to   space 10752K, 0% used [0x0000000772b00000,0x0000000772b00000,0x0000000773580000)
 ParOldGen       total 113152K, used 10954K [0x00000006c0000000, 0x00000006c6e80000, 0x000000076ab00000)
  object space 113152K, 9% used [0x00000006c0000000,0x00000006c0ab2938,0x00000006c6e80000)
 Metaspace       used 27667K, capacity 28022K, committed 28288K, reserved 1075200K
  class space    used 3323K, capacity 3417K, committed 3456K, reserved 1048576K
Event: 16.068 GC heap after
Heap after GC invocations=4 (full 1):
 PSYoungGen      total 141824K, used 10735K [0x000000076ab00000, 0x0000000777400000, 0x00000007c0000000)
  eden space 131072K, 0% used [0x000000076ab00000,0x000000076ab00000,0x0000000772b00000)
  from space 10752K, 99% used [0x0000000772b00000,0x000000077357bc00,0x0000000773580000)
  to   space 10752K, 0% used [0x0000000776980000,0x0000000776980000,0x0000000777400000)
 ParOldGen       total 113152K, used 11419K [0x00000006c0000000, 0x00000006c6e80000, 0x000000076ab00000)
  object space 113152K, 10% used [0x00000006c0000000,0x00000006c0b26dc8,0x00000006c6e80000)
 Metaspace       used 27667K, capacity 28022K, committed 28288K, reserved 1075200K
  class space    used 3323K, capacity 3417K, committed 3456K, reserved 1048576K
}
Event: 16.645 GC heap before
{Heap before GC invocations=5 (full 1):
 PSYoungGen      total 141824K, used 141807K [0x000000076ab00000, 0x0000000777400000, 0x00000007c0000000)
  eden space 131072K, 100% used [0x000000076ab00000,0x0000000772b00000,0x0000000772b00000)
  from space 10752K, 99% used [0x0000000772b00000,0x000000077357bc00,0x0000000773580000)
  to   space 10752K, 0% used [0x0000000776980000,0x0000000776980000,0x0000000777400000)
 ParOldGen       total 113152K, used 11419K [0x00000006c0000000, 0x00000006c6e80000, 0x000000076ab00000)
  object space 113152K, 10% used [0x00000006c0000000,0x00000006c0b26dc8,0x00000006c6e80000)
 Metaspace       used 32054K, capacity 32376K, committed 32640K, reserved 1077248K
  class space    used 3784K, capacity 3866K, committed 3968K, reserved 1048576K
Event: 16.655 GC heap after
Heap after GC invocations=5 (full 1):
 PSYoungGen      total 195072K, used 10746K [0x000000076ab00000, 0x0000000777600000, 0x00000007c0000000)
  eden space 184320K, 0% used [0x000000076ab00000,0x000000076ab00000,0x0000000775f00000)
  from space 10752K, 99% used [0x0000000776980000,0x00000007773fe8f0,0x0000000777400000)
  to   space 10752K, 0% used [0x0000000775f00000,0x0000000775f00000,0x0000000776980000)
 ParOldGen       total 113152K, used 15698K [0x00000006c0000000, 0x00000006c6e80000, 0x000000076ab00000)
  object space 113152K, 13% used [0x00000006c0000000,0x00000006c0f548f0,0x00000006c6e80000)
 Metaspace       used 32054K, capacity 32376K, committed 32640K, reserved 1077248K
  class space    used 3784K, capacity 3866K, committed 3968K, reserved 1048576K
}

Deoptimization events (10 events):
Event: 17.326 Thread 0x00007fb5a1001000 Uncommon trap: reason=class_check action=maybe_recompile pc=0x0000000112e43140 method=java.util.Collections$SynchronizedMap.get(Ljava/lang/Object;)Ljava/lang/Object; @ 12
Event: 17.326 Thread 0x00007fb5a1001000 Uncommon trap: reason=class_check action=maybe_recompile pc=0x0000000112e43140 method=java.util.Collections$SynchronizedMap.get(Ljava/lang/Object;)Ljava/lang/Object; @ 12
Event: 17.326 Thread 0x00007fb5a1001000 Uncommon trap: reason=class_check action=maybe_recompile pc=0x0000000112e43140 method=java.util.Collections$SynchronizedMap.get(Ljava/lang/Object;)Ljava/lang/Object; @ 12
Event: 17.326 Thread 0x00007fb5a1001000 Uncommon trap: reason=class_check action=maybe_recompile pc=0x0000000112e43140 method=java.util.Collections$SynchronizedMap.get(Ljava/lang/Object;)Ljava/lang/Object; @ 12
Event: 17.497 Thread 0x00007fb5a1001000 Uncommon trap: reason=class_check action=maybe_recompile pc=0x000000011218c910 method=java.util.Hashtable.get(Ljava/lang/Object;)Ljava/lang/Object; @ 6
Event: 17.497 Thread 0x00007fb5a1001000 Uncommon trap: reason=unstable_if action=reinterpret pc=0x0000000112f6c408 method=java.lang.StrictMath.floorOrCeil(DDDD)D @ 14
Event: 17.497 Thread 0x00007fb5a1001000 Uncommon trap: reason=unstable_if action=reinterpret pc=0x0000000112ef8790 method=java.lang.StrictMath.floorOrCeil(DDDD)D @ 14
Event: 45.537 Thread 0x00007fb5a154b800 Uncommon trap: reason=unstable_if action=reinterpret pc=0x0000000112e3a1fc method=java.lang.AbstractStringBuilder.append(I)Ljava/lang/AbstractStringBuilder; @ 16
Event: 45.537 Thread 0x00007fb5a154b800 Uncommon trap: reason=unstable_if action=reinterpret pc=0x0000000112df5348 method=java.lang.Integer.getChars(II[C)V @ 7
Event: 71.123 Thread 0x00007fb59eb82000 Uncommon trap: reason=bimorphic action=maybe_recompile pc=0x000000011259d3b4 method=java.io.DataOutputStream.writeByte(I)V @ 5

Internal exceptions (10 events):
Event: 16.151 Thread 0x00007fb5a1001000 Exception <a 'java/io/FileNotFoundException'> (0x000000076e6c97b8) thrown at [/Users/java_re/workspace/8-2-build-macosx-x86_64/jdk8u111/7883/hotspot/src/share/vm/prims/jni.cpp, line 709]
Event: 16.890 Thread 0x00007fb5a1001000 Implicit null exception at 0x0000000112f57650 to 0x0000000112f57689
Event: 17.117 Thread 0x00007fb5a1001000 Implicit null exception at 0x0000000112edfc50 to 0x0000000112edfc89
Event: 32.261 Thread 0x00007fb5a1001000 Exception <a 'java/lang/ArrayIndexOutOfBoundsException': 138> (0x000000076e4c7820) thrown at [/Users/java_re/workspace/8-2-build-macosx-x86_64/jdk8u111/7883/hotspot/src/share/vm/interpreter/interpreterRuntime.cpp, line 366]
Event: 39.511 Thread 0x00007fb5a1001000 Exception <a 'java/lang/ArrayIndexOutOfBoundsException': 78> (0x000000076e6f1f30) thrown at [/Users/java_re/workspace/8-2-build-macosx-x86_64/jdk8u111/7883/hotspot/src/share/vm/interpreter/interpreterRuntime.cpp, line 366]
Event: 39.512 Thread 0x00007fb5a1001000 Exception <a 'java/lang/ArrayIndexOutOfBoundsException': 139> (0x000000076e6f3a98) thrown at [/Users/java_re/workspace/8-2-build-macosx-x86_64/jdk8u111/7883/hotspot/src/share/vm/interpreter/interpreterRuntime.cpp, line 366]
Event: 39.513 Thread 0x00007fb5a1001000 Exception <a 'java/lang/ArrayIndexOutOfBoundsException': 139> (0x000000076e6f57c8) thrown at [/Users/java_re/workspace/8-2-build-macosx-x86_64/jdk8u111/7883/hotspot/src/share/vm/interpreter/interpreterRuntime.cpp, line 366]
Event: 39.514 Thread 0x00007fb5a1001000 Exception <a 'java/lang/ArrayIndexOutOfBoundsException': 92> (0x000000076e6f6ec0) thrown at [/Users/java_re/workspace/8-2-build-macosx-x86_64/jdk8u111/7883/hotspot/src/share/vm/interpreter/interpreterRuntime.cpp, line 366]
Event: 39.519 Thread 0x00007fb5a1001000 Exception <a 'java/lang/ArrayIndexOutOfBoundsException': 67> (0x000000076e70c908) thrown at [/Users/java_re/workspace/8-2-build-macosx-x86_64/jdk8u111/7883/hotspot/src/share/vm/interpreter/interpreterRuntime.cpp, line 366]
Event: 39.530 Thread 0x00007fb5a1001000 Exception <a 'java/lang/ArrayIndexOutOfBoundsException': 31> (0x000000076e74f218) thrown at [/Users/java_re/workspace/8-2-build-macosx-x86_64/jdk8u111/7883/hotspot/src/share/vm/interpreter/interpreterRuntime.cpp, line 366]

Events (10 events):
Event: 71.122 loading class sun/rmi/transport/tcp/TCPTransport$ConnectionHandler
Event: 71.122 loading class sun/rmi/transport/tcp/TCPTransport$ConnectionHandler done
Event: 71.122 Thread 0x00007fb59eb82000 Thread added: 0x00007fb59eb82000
Event: 71.122 Executing VM operation: RevokeBias
Event: 71.122 Executing VM operation: RevokeBias done
Event: 71.123 Thread 0x00007fb59eb82000 Uncommon trap: trap_request=0xffffffc6 fr.pc=0x000000011259d3b4
Event: 71.123 Thread 0x00007fb59eb82000 DEOPT PACKING pc=0x000000011259d3b4 sp=0x0000700003fc3a70
Event: 71.123 Thread 0x00007fb59eb82000 DEOPT UNPACKING pc=0x0000000112072229 sp=0x0000700003fc3aa0 mode 2
Event: 71.123 loading class sun/rmi/transport/tcp/TCPChannel
Event: 71.123 Executing VM operation: CollectForMetadataAllocation


Dynamic libraries:
0x000000003cc99000 	/System/Library/Frameworks/Cocoa.framework/Versions/A/Cocoa
0x000000003cc99000 	/System/Library/Frameworks/Security.framework/Versions/A/Security
0x000000003cc99000 	/System/Library/Frameworks/ApplicationServices.framework/Versions/A/ApplicationServices
0x000000003cc99000 	/usr/lib/libz.1.dylib
0x000000003cc99000 	/usr/lib/libSystem.B.dylib
0x000000003cc99000 	/usr/lib/libobjc.A.dylib
0x000000003cc99000 	/System/Library/Frameworks/CoreFoundation.framework/Versions/A/CoreFoundation
0x000000003cc99000 	/System/Library/Frameworks/Foundation.framework/Versions/C/Foundation
0x0000000104503000 	/Library/Application Support/Cylance/Desktop/CyMemDef.dylib
0x000000003cc99000 	/System/Library/Frameworks/AppKit.framework/Versions/C/AppKit
0x000000003cc99000 	/System/Library/Frameworks/CoreData.framework/Versions/A/CoreData
0x000000003cc99000 	/System/Library/PrivateFrameworks/RemoteViewServices.framework/Versions/A/RemoteViewServices
0x000000003cc99000 	/System/Library/PrivateFrameworks/UIFoundation.framework/Versions/A/UIFoundation
0x000000003cc99000 	/System/Library/PrivateFrameworks/DFRFoundation.framework/Versions/A/DFRFoundation
0x000000003cc99000 	/usr/lib/libenergytrace.dylib
0x000000003cc99000 	/System/Library/PrivateFrameworks/SkyLight.framework/Versions/A/SkyLight
0x000000003cc99000 	/System/Library/Frameworks/CoreGraphics.framework/Versions/A/CoreGraphics
0x000000003cc99000 	/usr/lib/libScreenReader.dylib
0x000000003cc99000 	/System/Library/Frameworks/Accelerate.framework/Versions/A/Accelerate
0x000000003cc99000 	/System/Library/Frameworks/IOSurface.framework/Versions/A/IOSurface
0x000000003cc99000 	/System/Library/Frameworks/AudioToolbox.framework/Versions/A/AudioToolbox
0x000000003cc99000 	/System/Library/Frameworks/AudioUnit.framework/Versions/A/AudioUnit
0x000000003cc99000 	/System/Library/PrivateFrameworks/DataDetectorsCore.framework/Versions/A/DataDetectorsCore
0x000000003cc99000 	/System/Library/PrivateFrameworks/DesktopServicesPriv.framework/Versions/A/DesktopServicesPriv
0x000000003cc99000 	/System/Library/Frameworks/Carbon.framework/Versions/A/Frameworks/HIToolbox.framework/Versions/A/HIToolbox
0x000000003cc99000 	/usr/lib/libicucore.A.dylib
0x000000003cc99000 	/System/Library/Frameworks/QuartzCore.framework/Versions/A/QuartzCore
0x000000003cc99000 	/System/Library/Frameworks/Carbon.framework/Versions/A/Frameworks/SpeechRecognition.framework/Versions/A/SpeechRecognition
0x000000003cc99000 	/usr/lib/libauto.dylib
0x000000003cc99000 	/usr/lib/libxml2.2.dylib
0x000000003cc99000 	/System/Library/PrivateFrameworks/CoreUI.framework/Versions/A/CoreUI
0x000000003cc99000 	/System/Library/Frameworks/CoreAudio.framework/Versions/A/CoreAudio
0x000000003cc99000 	/System/Library/Frameworks/DiskArbitration.framework/Versions/A/DiskArbitration
0x000000003cc99000 	/usr/lib/liblangid.dylib
0x000000003cc99000 	/System/Library/PrivateFrameworks/MultitouchSupport.framework/Versions/A/MultitouchSupport
0x000000003cc99000 	/System/Library/Frameworks/IOKit.framework/Versions/A/IOKit
0x000000003cc99000 	/usr/lib/libDiagnosticMessagesClient.dylib
0x000000003cc99000 	/System/Library/Frameworks/CoreServices.framework/Versions/A/CoreServices
0x000000003cc99000 	/System/Library/PrivateFrameworks/PerformanceAnalysis.framework/Versions/A/PerformanceAnalysis
0x000000003cc99000 	/System/Library/PrivateFrameworks/GenerationalStorage.framework/Versions/A/GenerationalStorage
0x000000003cc99000 	/System/Library/Frameworks/OpenGL.framework/Versions/A/OpenGL
0x000000003cc99000 	/System/Library/Frameworks/CoreImage.framework/Versions/A/CoreImage
0x000000003cc99000 	/System/Library/Frameworks/CoreText.framework/Versions/A/CoreText
0x000000003cc99000 	/System/Library/Frameworks/ImageIO.framework/Versions/A/ImageIO
0x000000003cc99000 	/System/Library/PrivateFrameworks/Backup.framework/Versions/A/Backup
0x000000003cc99000 	/usr/lib/libarchive.2.dylib
0x000000003cc99000 	/System/Library/Frameworks/CFNetwork.framework/Versions/A/CFNetwork
0x000000003cc99000 	/System/Library/Frameworks/SystemConfiguration.framework/Versions/A/SystemConfiguration
0x000000003cc99000 	/usr/lib/libCRFSuite.dylib
0x000000003cc99000 	/usr/lib/libc++.1.dylib
0x000000003cc99000 	/usr/lib/libc++abi.dylib
0x000000003cc99000 	/usr/lib/system/libcache.dylib
0x000000003cc99000 	/usr/lib/system/libcommonCrypto.dylib
0x000000003cc99000 	/usr/lib/system/libcompiler_rt.dylib
0x000000003cc99000 	/usr/lib/system/libcopyfile.dylib
0x000000003cc99000 	/usr/lib/system/libcorecrypto.dylib
0x000000003cc99000 	/usr/lib/system/libdispatch.dylib
0x000000003cc99000 	/usr/lib/system/libdyld.dylib
0x000000003cc99000 	/usr/lib/system/libkeymgr.dylib
0x000000003cc99000 	/usr/lib/system/liblaunch.dylib
0x000000003cc99000 	/usr/lib/system/libmacho.dylib
0x000000003cc99000 	/usr/lib/system/libquarantine.dylib
0x000000003cc99000 	/usr/lib/system/libremovefile.dylib
0x000000003cc99000 	/usr/lib/system/libsystem_asl.dylib
0x000000003cc99000 	/usr/lib/system/libsystem_blocks.dylib
0x000000003cc99000 	/usr/lib/system/libsystem_c.dylib
0x000000003cc99000 	/usr/lib/system/libsystem_configuration.dylib
0x000000003cc99000 	/usr/lib/system/libsystem_coreservices.dylib
0x000000003cc99000 	/usr/lib/system/libsystem_coretls.dylib
0x000000003cc99000 	/usr/lib/system/libsystem_dnssd.dylib
0x000000003cc99000 	/usr/lib/system/libsystem_info.dylib
0x000000003cc99000 	/usr/lib/system/libsystem_kernel.dylib
0x000000003cc99000 	/usr/lib/system/libsystem_m.dylib
0x000000003cc99000 	/usr/lib/system/libsystem_malloc.dylib
0x000000003cc99000 	/usr/lib/system/libsystem_network.dylib
0x000000003cc99000 	/usr/lib/system/libsystem_networkextension.dylib
0x000000003cc99000 	/usr/lib/system/libsystem_notify.dylib
0x000000003cc99000 	/usr/lib/system/libsystem_platform.dylib
0x000000003cc99000 	/usr/lib/system/libsystem_pthread.dylib
0x000000003cc99000 	/usr/lib/system/libsystem_sandbox.dylib
0x000000003cc99000 	/usr/lib/system/libsystem_secinit.dylib
0x000000003cc99000 	/usr/lib/system/libsystem_symptoms.dylib
0x000000003cc99000 	/usr/lib/system/libsystem_trace.dylib
0x000000003cc99000 	/usr/lib/system/libunwind.dylib
0x000000003cc99000 	/usr/lib/system/libxpc.dylib
0x000000003cc99000 	/usr/lib/libbsm.0.dylib
0x000000003cc99000 	/usr/lib/system/libkxld.dylib
0x000000003cc99000 	/usr/lib/libcoretls.dylib
0x000000003cc99000 	/usr/lib/libcoretls_cfhelpers.dylib
0x000000003cc99000 	/usr/lib/libxar.1.dylib
0x000000003cc99000 	/usr/lib/libsqlite3.dylib
0x000000003cc99000 	/usr/lib/libpam.2.dylib
0x000000003cc99000 	/usr/lib/libOpenScriptingUtil.dylib
0x000000003cc99000 	/usr/lib/libbz2.1.0.dylib
0x000000003cc99000 	/usr/lib/liblzma.5.dylib
0x000000003cc99000 	/usr/lib/libnetwork.dylib
0x000000003cc99000 	/usr/lib/libpcap.A.dylib
0x000000003cc99000 	/System/Library/Frameworks/CoreServices.framework/Versions/A/Frameworks/FSEvents.framework/Versions/A/FSEvents
0x000000003cc99000 	/System/Library/Frameworks/CoreServices.framework/Versions/A/Frameworks/CarbonCore.framework/Versions/A/CarbonCore
0x000000003cc99000 	/System/Library/Frameworks/CoreServices.framework/Versions/A/Frameworks/Metadata.framework/Versions/A/Metadata
0x000000003cc99000 	/System/Library/Frameworks/CoreServices.framework/Versions/A/Frameworks/OSServices.framework/Versions/A/OSServices
0x000000003cc99000 	/System/Library/Frameworks/CoreServices.framework/Versions/A/Frameworks/SearchKit.framework/Versions/A/SearchKit
0x000000003cc99000 	/System/Library/Frameworks/CoreServices.framework/Versions/A/Frameworks/AE.framework/Versions/A/AE
0x000000003cc99000 	/System/Library/Frameworks/CoreServices.framework/Versions/A/Frameworks/LaunchServices.framework/Versions/A/LaunchServices
0x000000003cc99000 	/System/Library/Frameworks/CoreServices.framework/Versions/A/Frameworks/DictionaryServices.framework/Versions/A/DictionaryServices
0x000000003cc99000 	/System/Library/Frameworks/CoreServices.framework/Versions/A/Frameworks/SharedFileList.framework/Versions/A/SharedFileList
0x000000003cc99000 	/System/Library/Frameworks/NetFS.framework/Versions/A/NetFS
0x000000003cc99000 	/System/Library/PrivateFrameworks/NetAuth.framework/Versions/A/NetAuth
0x000000003cc99000 	/System/Library/PrivateFrameworks/login.framework/Versions/A/Frameworks/loginsupport.framework/Versions/A/loginsupport
0x000000003cc99000 	/System/Library/PrivateFrameworks/TCC.framework/Versions/A/TCC
0x000000003cc99000 	/usr/lib/libmecabra.dylib
0x000000003cc99000 	/System/Library/Frameworks/ApplicationServices.framework/Versions/A/Frameworks/ATS.framework/Versions/A/ATS
0x000000003cc99000 	/System/Library/Frameworks/ApplicationServices.framework/Versions/A/Frameworks/ColorSync.framework/Versions/A/ColorSync
0x000000003cc99000 	/System/Library/Frameworks/ApplicationServices.framework/Versions/A/Frameworks/HIServices.framework/Versions/A/HIServices
0x000000003cc99000 	/System/Library/Frameworks/ApplicationServices.framework/Versions/A/Frameworks/LangAnalysis.framework/Versions/A/LangAnalysis
0x000000003cc99000 	/System/Library/Frameworks/ApplicationServices.framework/Versions/A/Frameworks/PrintCore.framework/Versions/A/PrintCore
0x000000003cc99000 	/System/Library/Frameworks/ApplicationServices.framework/Versions/A/Frameworks/QD.framework/Versions/A/QD
0x000000003cc99000 	/System/Library/Frameworks/ApplicationServices.framework/Versions/A/Frameworks/SpeechSynthesis.framework/Versions/A/SpeechSynthesis
0x000000003cc99000 	/System/Library/Frameworks/Accelerate.framework/Versions/A/Frameworks/vImage.framework/Versions/A/vImage
0x000000003cc99000 	/System/Library/Frameworks/Accelerate.framework/Versions/A/Frameworks/vecLib.framework/Versions/A/vecLib
0x000000003cc99000 	/System/Library/Frameworks/Accelerate.framework/Versions/A/Frameworks/vecLib.framework/Versions/A/libvDSP.dylib
0x000000003cc99000 	/System/Library/Frameworks/Accelerate.framework/Versions/A/Frameworks/vecLib.framework/Versions/A/libBNNS.dylib
0x000000003cc99000 	/System/Library/Frameworks/Accelerate.framework/Versions/A/Frameworks/vecLib.framework/Versions/A/libQuadrature.dylib
0x000000003cc99000 	/System/Library/Frameworks/Accelerate.framework/Versions/A/Frameworks/vecLib.framework/Versions/A/libvMisc.dylib
0x000000003cc99000 	/System/Library/Frameworks/Accelerate.framework/Versions/A/Frameworks/vecLib.framework/Versions/A/libLAPACK.dylib
0x000000003cc99000 	/System/Library/Frameworks/Accelerate.framework/Versions/A/Frameworks/vecLib.framework/Versions/A/libBLAS.dylib
0x000000003cc99000 	/System/Library/Frameworks/Accelerate.framework/Versions/A/Frameworks/vecLib.framework/Versions/A/libLinearAlgebra.dylib
0x000000003cc99000 	/System/Library/Frameworks/Accelerate.framework/Versions/A/Frameworks/vecLib.framework/Versions/A/libSparseBLAS.dylib
0x000000003cc99000 	/System/Library/Frameworks/ApplicationServices.framework/Versions/A/Frameworks/ATS.framework/Versions/A/Resources/libFontParser.dylib
0x000000003cc99000 	/System/Library/Frameworks/ApplicationServices.framework/Versions/A/Frameworks/ATS.framework/Versions/A/Resources/libFontRegistry.dylib
0x000000003cc99000 	/System/Library/Frameworks/ImageIO.framework/Versions/A/Resources/libJPEG.dylib
0x000000003cc99000 	/System/Library/Frameworks/ImageIO.framework/Versions/A/Resources/libTIFF.dylib
0x000000003cc99000 	/System/Library/Frameworks/ImageIO.framework/Versions/A/Resources/libPng.dylib
0x000000003cc99000 	/System/Library/Frameworks/ImageIO.framework/Versions/A/Resources/libGIF.dylib
0x000000003cc99000 	/System/Library/Frameworks/ImageIO.framework/Versions/A/Resources/libJP2.dylib
0x000000003cc99000 	/System/Library/Frameworks/ImageIO.framework/Versions/A/Resources/libRadiance.dylib
0x000000003cc99000 	/usr/lib/libcompression.dylib
0x000000003cc99000 	/System/Library/PrivateFrameworks/AppleJPEG.framework/Versions/A/AppleJPEG
0x000000003cc99000 	/usr/lib/libcups.2.dylib
0x000000003cc99000 	/System/Library/Frameworks/Kerberos.framework/Versions/A/Kerberos
0x000000003cc99000 	/System/Library/Frameworks/GSS.framework/Versions/A/GSS
0x000000003cc99000 	/usr/lib/libresolv.9.dylib
0x000000003cc99000 	/usr/lib/libiconv.2.dylib
0x000000003cc99000 	/System/Library/PrivateFrameworks/Heimdal.framework/Versions/A/Heimdal
0x000000003cc99000 	/usr/lib/libheimdal-asn1.dylib
0x000000003cc99000 	/System/Library/Frameworks/OpenDirectory.framework/Versions/A/OpenDirectory
0x000000003cc99000 	/System/Library/PrivateFrameworks/CommonAuth.framework/Versions/A/CommonAuth
0x000000003cc99000 	/System/Library/Frameworks/OpenDirectory.framework/Versions/A/Frameworks/CFOpenDirectory.framework/Versions/A/CFOpenDirectory
0x000000003cc99000 	/System/Library/Frameworks/SecurityFoundation.framework/Versions/A/SecurityFoundation
0x000000003cc99000 	/System/Library/PrivateFrameworks/LanguageModeling.framework/Versions/A/LanguageModeling
0x000000003cc99000 	/usr/lib/libmarisa.dylib
0x000000003cc99000 	/usr/lib/libChineseTokenizer.dylib
0x000000003cc99000 	/usr/lib/libcmph.dylib
0x000000003cc99000 	/System/Library/PrivateFrameworks/CoreEmoji.framework/Versions/A/CoreEmoji
0x000000003cc99000 	/System/Library/Frameworks/ServiceManagement.framework/Versions/A/ServiceManagement
0x000000003cc99000 	/usr/lib/libxslt.1.dylib
0x000000003cc99000 	/System/Library/Frameworks/Carbon.framework/Versions/A/Frameworks/Ink.framework/Versions/A/Ink
0x000000003cc99000 	/System/Library/PrivateFrameworks/TextureIO.framework/Versions/A/TextureIO
0x000000003cc99000 	/System/Library/Frameworks/Metal.framework/Versions/A/Metal
0x000000003cc99000 	/usr/lib/libate.dylib
0x000000003cc99000 	/System/Library/PrivateFrameworks/GPUCompiler.framework/libmetal_timestamp.dylib
0x000000003cc99000 	/System/Library/Frameworks/OpenGL.framework/Versions/A/Libraries/libCoreFSCache.dylib
0x000000003cc99000 	/System/Library/PrivateFrameworks/IOAccelerator.framework/Versions/A/IOAccelerator
0x000000003cc99000 	/System/Library/Frameworks/CoreVideo.framework/Versions/A/CoreVideo
0x000000003cc99000 	/usr/lib/libFosl_dynamic.dylib
0x000000003cc99000 	/System/Library/PrivateFrameworks/MetalPerformanceShaders.framework/Versions/A/MetalPerformanceShaders
0x000000003cc99000 	/System/Library/PrivateFrameworks/FaceCore.framework/Versions/A/FaceCore
0x000000003cc99000 	/System/Library/Frameworks/OpenCL.framework/Versions/A/OpenCL
0x000000003cc99000 	/System/Library/Frameworks/OpenGL.framework/Versions/A/Libraries/libGLU.dylib
0x000000003cc99000 	/System/Library/Frameworks/OpenGL.framework/Versions/A/Libraries/libGFXShared.dylib
0x000000003cc99000 	/System/Library/Frameworks/OpenGL.framework/Versions/A/Libraries/libGL.dylib
0x000000003cc99000 	/System/Library/Frameworks/OpenGL.framework/Versions/A/Libraries/libGLImage.dylib
0x000000003cc99000 	/System/Library/Frameworks/OpenGL.framework/Versions/A/Libraries/libCVMSPluginSupport.dylib
0x000000003cc99000 	/System/Library/Frameworks/OpenGL.framework/Versions/A/Libraries/libCoreVMClient.dylib
0x000000003cc99000 	/System/Library/PrivateFrameworks/CrashReporterSupport.framework/Versions/A/CrashReporterSupport
0x000000003cc99000 	/System/Library/PrivateFrameworks/Sharing.framework/Versions/A/Sharing
0x000000003cc99000 	/System/Library/PrivateFrameworks/IconServices.framework/Versions/A/IconServices
0x000000003cc99000 	/System/Library/PrivateFrameworks/ProtocolBuffer.framework/Versions/A/ProtocolBuffer
0x000000003cc99000 	/System/Library/PrivateFrameworks/Apple80211.framework/Versions/A/Apple80211
0x000000003cc99000 	/System/Library/Frameworks/CoreWLAN.framework/Versions/A/CoreWLAN
0x000000003cc99000 	/System/Library/PrivateFrameworks/CoreUtils.framework/Versions/A/CoreUtils
0x000000003cc99000 	/System/Library/Frameworks/IOBluetooth.framework/Versions/A/IOBluetooth
0x000000003cc99000 	/System/Library/PrivateFrameworks/CoreWiFi.framework/Versions/A/CoreWiFi
0x000000003cc99000 	/System/Library/Frameworks/CoreBluetooth.framework/Versions/A/CoreBluetooth
0x000000003cc99000 	/System/Library/Frameworks/CoreDisplay.framework/Versions/A/CoreDisplay
0x000000003cc99000 	/System/Library/PrivateFrameworks/IOPresentment.framework/Versions/A/IOPresentment
0x000000003cc99000 	/System/Library/PrivateFrameworks/DebugSymbols.framework/Versions/A/DebugSymbols
0x000000003cc99000 	/System/Library/PrivateFrameworks/CoreSymbolication.framework/Versions/A/CoreSymbolication
0x000000003cc99000 	/System/Library/PrivateFrameworks/Symbolication.framework/Versions/A/Symbolication
0x000000003cc99000 	/System/Library/PrivateFrameworks/AppleFSCompression.framework/Versions/A/AppleFSCompression
0x000000003cc99000 	/System/Library/PrivateFrameworks/SpeechRecognitionCore.framework/Versions/A/SpeechRecognitionCore
0x000000003cc99000 	/System/Library/PrivateFrameworks/ChunkingLibrary.framework/Versions/A/ChunkingLibrary
0x0000000105600000 	/Library/Java/JavaVirtualMachines/jdk1.8.0_111.jdk/Contents/Home/jre/lib/server/libjvm.dylib
0x000000003cc99000 	/usr/lib/libstdc++.6.dylib
0x00000001045a1000 	/Library/Java/JavaVirtualMachines/jdk1.8.0_111.jdk/Contents/Home/jre/lib/libverify.dylib
0x00000001045af000 	/Library/Java/JavaVirtualMachines/jdk1.8.0_111.jdk/Contents/Home/jre/lib/libjava.dylib
0x00000001065a1000 	/Library/Java/JavaVirtualMachines/jdk1.8.0_111.jdk/Contents/Home/jre/lib/libjdwp.dylib
0x00000001045e5000 	/Library/Java/JavaVirtualMachines/jdk1.8.0_111.jdk/Contents/Home/jre/lib/libnpt.dylib
0x00000001045f2000 	/Library/Java/JavaVirtualMachines/jdk1.8.0_111.jdk/Contents/Home/jre/lib/libzip.dylib
0x0000000111fa2000 	/System/Library/Frameworks/JavaVM.framework/Frameworks/JavaRuntimeSupport.framework/JavaRuntimeSupport
0x0000000111fbc000 	/System/Library/Frameworks/JavaVM.framework/Versions/A/Frameworks/JavaNativeFoundation.framework/Versions/A/JavaNativeFoundation
0x0000000111fd1000 	/System/Library/Frameworks/JavaVM.framework/Versions/A/JavaVM
0x000000003cc99000 	/System/Library/Frameworks/Carbon.framework/Versions/A/Carbon
0x000000012176d000 	/System/Library/PrivateFrameworks/JavaLaunching.framework/Versions/A/JavaLaunching
0x000000003cc99000 	/System/Library/Frameworks/Carbon.framework/Versions/A/Frameworks/CommonPanels.framework/Versions/A/CommonPanels
0x000000003cc99000 	/System/Library/Frameworks/Carbon.framework/Versions/A/Frameworks/Help.framework/Versions/A/Help
0x000000003cc99000 	/System/Library/Frameworks/Carbon.framework/Versions/A/Frameworks/ImageCapture.framework/Versions/A/ImageCapture
0x000000003cc99000 	/System/Library/Frameworks/Carbon.framework/Versions/A/Frameworks/OpenScripting.framework/Versions/A/OpenScripting
0x000000003cc99000 	/System/Library/Frameworks/Carbon.framework/Versions/A/Frameworks/Print.framework/Versions/A/Print
0x000000003cc99000 	/System/Library/Frameworks/Carbon.framework/Versions/A/Frameworks/SecurityHI.framework/Versions/A/SecurityHI
0x0000000123071000 	/Library/Java/JavaVirtualMachines/jdk1.8.0_111.jdk/Contents/Home/jre/lib/libdt_socket.dylib
0x0000000123078000 	/Library/Java/JavaVirtualMachines/jdk1.8.0_111.jdk/Contents/Home/jre/lib/libmanagement.dylib
0x0000000123086000 	/Library/Java/JavaVirtualMachines/jdk1.8.0_111.jdk/Contents/Home/jre/lib/libnet.dylib
0x00000001230e5000 	/Library/Java/JavaVirtualMachines/jdk1.8.0_111.jdk/Contents/Home/jre/lib/libnio.dylib
0x000000012344f000 	/Library/Java/JavaVirtualMachines/jdk1.8.0_111.jdk/Contents/Home/jre/lib/libsunec.dylib
0x0000000124646000 	/Library/Java/JavaVirtualMachines/jdk1.8.0_111.jdk/Contents/Home/jre/lib/libawt.dylib
0x00000001252be000 	/Library/Java/JavaVirtualMachines/jdk1.8.0_111.jdk/Contents/Home/jre/lib/./libmlib_image.dylib
0x000000012538a000 	/Library/Java/JavaVirtualMachines/jdk1.8.0_111.jdk/Contents/Home/jre/lib/libawt_lwawt.dylib
0x0000000123e98000 	/Library/Java/JavaVirtualMachines/jdk1.8.0_111.jdk/Contents/Home/jre/lib/./libosxapp.dylib
0x000000003cc99000 	/System/Library/Frameworks/ExceptionHandling.framework/Versions/A/ExceptionHandling

VM Arguments:
jvm_args: -agentlib:jdwp=transport=dt_socket,suspend=y,address=localhost:64029 -Dcom.sun.management.jmxremote -Dcom.sun.management.jmxremote.port=64028 -Dcom.sun.management.jmxremote.authenticate=false -Dcom.sun.management.jmxremote.ssl=false -Dspring.liveBeansView.mbeanDomain -Dspring.application.admin.enabled=true -Djava.security.egd=file:/dev/./urandom -Dfile.encoding=UTF-8 
java_command: com.blackducksoftware.integration.hub.fod.Application
java_class_path (initial): /Users/dmeurer/ShareFile/My Files & Folders/Dev/workspaces/neon/hub-fod/target/classes:/Users/dmeurer/.m2/repository/org/springframework/boot/spring-boot-starter/1.5.2.RELEASE/spring-boot-starter-1.5.2.RELEASE.jar:/Users/dmeurer/.m2/repository/org/springframework/boot/spring-boot/1.5.2.RELEASE/spring-boot-1.5.2.RELEASE.jar:/Users/dmeurer/.m2/repository/org/springframework/boot/spring-boot-autoconfigure/1.5.2.RELEASE/spring-boot-autoconfigure-1.5.2.RELEASE.jar:/Users/dmeurer/.m2/repository/org/springframework/boot/spring-boot-starter-logging/1.5.2.RELEASE/spring-boot-starter-logging-1.5.2.RELEASE.jar:/Users/dmeurer/.m2/repository/ch/qos/logback/logback-classic/1.1.11/logback-classic-1.1.11.jar:/Users/dmeurer/.m2/repository/ch/qos/logback/logback-core/1.1.11/logback-core-1.1.11.jar:/Users/dmeurer/.m2/repository/org/slf4j/jcl-over-slf4j/1.7.24/jcl-over-slf4j-1.7.24.jar:/Users/dmeurer/.m2/repository/org/slf4j/jul-to-slf4j/1.7.24/jul-to-slf4j-1.7.24.jar:/Users/dmeurer/.m2/repository/org/slf4j/log4j-over-slf4j/1.7.24/log4j-over-slf4j-1.7.24.jar:/Users/dmeurer/.m2/repository/org/springframework/spring-core/4.3.7.RELEASE/spring-core-4.3.7.RELEASE.jar:/Users/dmeurer/.m2/repository/org/yaml/snakeyaml/1.17/snakeyaml-1.17.jar:/Users/dmeurer/.m2/repository/org/springframework/spring-web/4.3.7.RELEASE/spring-web-4.3.7.RELEASE.jar:/Users/dmeurer/.m2/repository/org/springframework/spring-aop/4.3.7.RELEASE/spring-aop-4.3.7.RELEASE.jar:/Users/dmeurer/.m2/repository/org/springframework/spring-beans/4.3.7.RELEASE/spring-beans-4.3.7.RELEASE.jar:/Users/dmeurer/.m2/repository/org/springframework/spring-context/4.3.7.RELEASE/spring-context-4.3.7.RELEASE.jar:/Users/dmeurer/.m2/repository/org/springframework/spring-expression/4.3.7.RELEASE/spring-expression-4.3.7.RELEASE.jar:/Users/dmeurer/.m2/repository/com/blackducksoftware/integration/hub-common/7.5.0/hub-common-7.5.0.jar:/Users/dmeurer/.m2/repository/com/blackducksoftware/integration/phone-home-api/1.5.1/phon
Launcher Type: SUN_STANDARD

Environment Variables:
PATH=/usr/bin:/bin:/usr/sbin:/sbin
SHELL=/bin/bash

Signal Handlers:
SIGSEGV: [libjvm.dylib+0x5b03ed], sa_mask[0]=11111111011111110111111111111111, sa_flags=SA_ONSTACK|SA_RESTART|SA_SIGINFO
SIGBUS: [libjvm.dylib+0x5b03ed], sa_mask[0]=11111111011111110111111111111111, sa_flags=SA_RESTART|SA_SIGINFO
SIGFPE: [libjvm.dylib+0x48711c], sa_mask[0]=11111111011111110111111111111111, sa_flags=SA_RESTART|SA_SIGINFO
SIGPIPE: [libjvm.dylib+0x48711c], sa_mask[0]=11111111011111110111111111111111, sa_flags=SA_RESTART|SA_SIGINFO
SIGXFSZ: [libjvm.dylib+0x48711c], sa_mask[0]=11111111011111110111111111111111, sa_flags=SA_RESTART|SA_SIGINFO
SIGILL: [libjvm.dylib+0x48711c], sa_mask[0]=11111111011111110111111111111111, sa_flags=SA_RESTART|SA_SIGINFO
SIGUSR1: SIG_DFL, sa_mask[0]=00000000000000000000000000000000, sa_flags=none
SIGUSR2: [libjvm.dylib+0x486c3a], sa_mask[0]=00100000000000000000000000000000, sa_flags=SA_RESTART|SA_SIGINFO
SIGHUP: [libjvm.dylib+0x485211], sa_mask[0]=11111111011111110111111111111111, sa_flags=SA_RESTART|SA_SIGINFO
SIGINT: [libjvm.dylib+0x485211], sa_mask[0]=11111111011111110111111111111111, sa_flags=SA_RESTART|SA_SIGINFO
SIGTERM: [libjvm.dylib+0x485211], sa_mask[0]=11111111011111110111111111111111, sa_flags=SA_RESTART|SA_SIGINFO
SIGQUIT: [libjvm.dylib+0x485211], sa_mask[0]=11111111011111110111111111111111, sa_flags=SA_RESTART|SA_SIGINFO


---------------  S Y S T E M  ---------------

OS:Bsduname:Darwin 16.4.0 Darwin Kernel Version 16.4.0: Thu Dec 22 22:53:21 PST 2016; root:xnu-3789.41.3~3/RELEASE_X86_64 x86_64
rlimit: STACK 8192k, CORE 0k, NPROC 709, NOFILE 10240, AS infinity
load average:2.45 1.85 1.70

CPU:total 8 (4 cores per cpu, 2 threads per core) family 6 model 70 stepping 1, cmov, cx8, fxsr, mmx, sse, sse2, sse3, ssse3, sse4.1, sse4.2, popcnt, avx, avx2, aes, clmul, erms, rtm, lzcnt, ht, tsc, tscinvbit, bmi1, bmi2

Memory: 4k page, physical 16777216k(35668k free)

/proc/meminfo:


vm_info: Java HotSpot(TM) 64-Bit Server VM (25.111-b14) for bsd-amd64 JRE (1.8.0_111-b14), built on Sep 22 2016 15:31:41 by "java_re" with gcc 4.2.1 (Based on Apple Inc. build 5658) (LLVM build 2336.11.00)

time: Fri Mar 31 07:55:37 2017
elapsed time: 71 seconds (0d 0h 1m 11s)

